<?xml version="1.0" encoding="UTF-8"?>
<!-- Generated by org.testng.reporters.JUnitReportReporter -->
<testsuite skipped="0" hostname="Amit" name="net.phptravels.userTest.UserSignUp" tests="1" failures="0" timestamp="19 Apr 2018 17:14:05 GMT" time="14.188" errors="1">
  <testcase name="CreateUserTest" time="14.188" classname="net.phptravels.userTest.UserSignUp">
    <error type="org.openqa.selenium.WebDriverException" message="[object Object]&#039;[object Object]&#039; when calling method: [nsICommandProcessor::execute]
Command duration or timeout: 1.06 seconds
Build info: version: &#039;2.53.1&#039;, revision: &#039;a36b8b1&#039;, time: &#039;2016-06-30 17:32:46&#039;
System info: host: &#039;Amit&#039;, ip: &#039;192.168.2.7&#039;, os.name: &#039;Windows 10&#039;, os.arch: &#039;amd64&#039;, os.version: &#039;10.0&#039;, java.version: &#039;1.8.0_161&#039;
Driver info: org.openqa.selenium.firefox.FirefoxDriver
Capabilities [{applicationCacheEnabled=true, rotatable=false, handlesAlerts=true, databaseEnabled=true, version=47.0.2, platform=WINDOWS, nativeEvents=false, acceptSslCerts=true, webStorageEnabled=true, locationContextEnabled=true, browserName=firefox, takesScreenshot=true, javascriptEnabled=true, cssSelectorsEnabled=true}]
Session ID: 057bc73d-365e-42b0-b123-4633b4c651e3
*** Element info: {Using=xpath, value=//div[@class=&#039;modal-header&#039;]/following-sibling::ul/li[1]/a}">
      <![CDATA[org.openqa.selenium.WebDriverException: [object Object]'[object Object]' when calling method: [nsICommandProcessor::execute]
Command duration or timeout: 1.06 seconds
Build info: version: '2.53.1', revision: 'a36b8b1', time: '2016-06-30 17:32:46'
System info: host: 'Amit', ip: '192.168.2.7', os.name: 'Windows 10', os.arch: 'amd64', os.version: '10.0', java.version: '1.8.0_161'
Driver info: org.openqa.selenium.firefox.FirefoxDriver
Capabilities [{applicationCacheEnabled=true, rotatable=false, handlesAlerts=true, databaseEnabled=true, version=47.0.2, platform=WINDOWS, nativeEvents=false, acceptSslCerts=true, webStorageEnabled=true, locationContextEnabled=true, browserName=firefox, takesScreenshot=true, javascriptEnabled=true, cssSelectorsEnabled=true}]
Session ID: 057bc73d-365e-42b0-b123-4633b4c651e3
*** Element info: {Using=xpath, value=//div[@class='modal-header']/following-sibling::ul/li[1]/a}
at sun.reflect.NativeConstructorAccessorImpl.newInstance0(Native Method)
at sun.reflect.NativeConstructorAccessorImpl.newInstance(Unknown Source)
at sun.reflect.DelegatingConstructorAccessorImpl.newInstance(Unknown Source)
at java.lang.reflect.Constructor.newInstance(Unknown Source)
at org.openqa.selenium.remote.ErrorHandler.createThrowable(ErrorHandler.java:206)
at org.openqa.selenium.remote.ErrorHandler.throwIfResponseFailed(ErrorHandler.java:158)
at org.openqa.selenium.remote.RemoteWebDriver.execute(RemoteWebDriver.java:678)
at org.openqa.selenium.remote.RemoteWebDriver.findElement(RemoteWebDriver.java:363)
at org.openqa.selenium.remote.RemoteWebDriver.findElementByXPath(RemoteWebDriver.java:500)
at org.openqa.selenium.By$ByXPath.findElement(By.java:361)
at org.openqa.selenium.remote.RemoteWebDriver.findElement(RemoteWebDriver.java:355)
at org.openqa.selenium.support.pagefactory.DefaultElementLocator.findElement(DefaultElementLocator.java:69)
at org.openqa.selenium.support.pagefactory.internal.LocatingElementHandler.invoke(LocatingElementHandler.java:38)
at com.sun.proxy.$Proxy8.click(Unknown Source)
at net.phptravels.userTest.UserSignUp.CreateUserTest(UserSignUp.java:19)
at sun.reflect.NativeMethodAccessorImpl.invoke0(Native Method)
at sun.reflect.NativeMethodAccessorImpl.invoke(Unknown Source)
at sun.reflect.DelegatingMethodAccessorImpl.invoke(Unknown Source)
at java.lang.reflect.Method.invoke(Unknown Source)
at org.testng.internal.MethodInvocationHelper.invokeMethod(MethodInvocationHelper.java:124)
at org.testng.internal.Invoker.invokeMethod(Invoker.java:580)
at org.testng.internal.Invoker.invokeTestMethod(Invoker.java:716)
at org.testng.internal.Invoker.invokeTestMethods(Invoker.java:988)
at org.testng.internal.TestMethodWorker.invokeTestMethods(TestMethodWorker.java:125)
at org.testng.internal.TestMethodWorker.run(TestMethodWorker.java:109)
at org.testng.TestRunner.privateRun(TestRunner.java:648)
at org.testng.TestRunner.run(TestRunner.java:505)
at org.testng.SuiteRunner.runTest(SuiteRunner.java:455)
at org.testng.SuiteRunner.runSequentially(SuiteRunner.java:450)
at org.testng.SuiteRunner.privateRun(SuiteRunner.java:415)
at org.testng.SuiteRunner.run(SuiteRunner.java:364)
at org.testng.SuiteRunnerWorker.runSuite(SuiteRunnerWorker.java:52)
at org.testng.SuiteRunnerWorker.run(SuiteRunnerWorker.java:84)
at org.testng.TestNG.runSuitesSequentially(TestNG.java:1208)
at org.testng.TestNG.runSuitesLocally(TestNG.java:1137)
at org.testng.TestNG.runSuites(TestNG.java:1049)
at org.testng.TestNG.run(TestNG.java:1017)
at org.testng.remote.AbstractRemoteTestNG.run(AbstractRemoteTestNG.java:114)
at org.testng.remote.RemoteTestNG.initAndRun(RemoteTestNG.java:251)
at org.testng.remote.RemoteTestNG.main(RemoteTestNG.java:77)
Caused by: org.openqa.selenium.WebDriverException: [object Object]'[object Object]' when calling method: [nsICommandProcessor::execute]
Build info: version: '2.53.1', revision: 'a36b8b1', time: '2016-06-30 17:32:46'
System info: host: 'Amit', ip: '192.168.2.7', os.name: 'Windows 10', os.arch: 'amd64', os.version: '10.0', java.version: '1.8.0_161'
Driver info: driver.version: unknown
at <anonymous class>.Dispatcher.executeAs/<(file:///C:/Users/AMITPA~1/AppData/Local/Temp/anonymous8429503961417477265webdriver-profile/extensions/fxdriver@googlecode.com/components/driver-component.js:9558)
at <anonymous class>.Resource.prototype.handle(file:///C:/Users/AMITPA~1/AppData/Local/Temp/anonymous8429503961417477265webdriver-profile/extensions/fxdriver@googlecode.com/components/driver-component.js:9705)
at <anonymous class>.Dispatcher.prototype.dispatch(file:///C:/Users/AMITPA~1/AppData/Local/Temp/anonymous8429503961417477265webdriver-profile/extensions/fxdriver@googlecode.com/components/driver-component.js:9652)
at <anonymous class>.WebDriverServer/<.handle(file:///C:/Users/AMITPA~1/AppData/Local/Temp/anonymous8429503961417477265webdriver-profile/extensions/fxdriver@googlecode.com/components/driver-component.js:12517)
at <anonymous class>.createHandlerFunc/<(file:///C:/Users/AMITPA~1/AppData/Local/Temp/anonymous8429503961417477265webdriver-profile/extensions/fxdriver@googlecode.com/components/httpd.js:2054)
at <anonymous class>.ServerHandler.prototype.handleResponse(file:///C:/Users/AMITPA~1/AppData/Local/Temp/anonymous8429503961417477265webdriver-profile/extensions/fxdriver@googlecode.com/components/httpd.js:2387)
at <anonymous class>.Connection.prototype.process(file:///C:/Users/AMITPA~1/AppData/Local/Temp/anonymous8429503961417477265webdriver-profile/extensions/fxdriver@googlecode.com/components/httpd.js:1223)
at <anonymous class>.RequestReader.prototype._handleResponse(file:///C:/Users/AMITPA~1/AppData/Local/Temp/anonymous8429503961417477265webdriver-profile/extensions/fxdriver@googlecode.com/components/httpd.js:1677)
at <anonymous class>.RequestReader.prototype._processBody(file:///C:/Users/AMITPA~1/AppData/Local/Temp/anonymous8429503961417477265webdriver-profile/extensions/fxdriver@googlecode.com/components/httpd.js:1525)
at <anonymous class>.RequestReader.prototype.onInputStreamReady(file:///C:/Users/AMITPA~1/AppData/Local/Temp/anonymous8429503961417477265webdriver-profile/extensions/fxdriver@googlecode.com/components/httpd.js:1393)
]]>
    </error>
  </testcase> <!-- CreateUserTest -->
</testsuite> <!-- net.phptravels.userTest.UserSignUp -->
